<?xml version="1.0" encoding="UTF-8"?>
<testsuite name="com.nakgames.javchess.JavchessApplicationTests" tests="1" skipped="0" failures="0" errors="0" timestamp="2021-07-09T05:40:12" hostname="localhost.localdomain" time="0.214">
  <properties/>
  <testcase name="contextLoads()" classname="com.nakgames.javchess.JavchessApplicationTests" time="0.214"/>
  <system-out><![CDATA[00:40:11.758 [Test worker] DEBUG org.springframework.test.context.BootstrapUtils - Instantiating CacheAwareContextLoaderDelegate from class [org.springframework.test.context.cache.DefaultCacheAwareContextLoaderDelegate]
00:40:11.767 [Test worker] DEBUG org.springframework.test.context.BootstrapUtils - Instantiating BootstrapContext using constructor [public org.springframework.test.context.support.DefaultBootstrapContext(java.lang.Class,org.springframework.test.context.CacheAwareContextLoaderDelegate)]
00:40:11.792 [Test worker] DEBUG org.springframework.test.context.BootstrapUtils - Instantiating TestContextBootstrapper for test class [com.nakgames.javchess.JavchessApplicationTests] from class [org.springframework.boot.test.context.SpringBootTestContextBootstrapper]
00:40:11.799 [Test worker] INFO org.springframework.boot.test.context.SpringBootTestContextBootstrapper - Neither @ContextConfiguration nor @ContextHierarchy found for test class [com.nakgames.javchess.JavchessApplicationTests], using SpringBootContextLoader
00:40:11.802 [Test worker] DEBUG org.springframework.test.context.support.AbstractContextLoader - Did not detect default resource location for test class [com.nakgames.javchess.JavchessApplicationTests]: class path resource [com/nakgames/javchess/JavchessApplicationTests-context.xml] does not exist
00:40:11.802 [Test worker] DEBUG org.springframework.test.context.support.AbstractContextLoader - Did not detect default resource location for test class [com.nakgames.javchess.JavchessApplicationTests]: class path resource [com/nakgames/javchess/JavchessApplicationTestsContext.groovy] does not exist
00:40:11.803 [Test worker] INFO org.springframework.test.context.support.AbstractContextLoader - Could not detect default resource locations for test class [com.nakgames.javchess.JavchessApplicationTests]: no resource found for suffixes {-context.xml, Context.groovy}.
00:40:11.803 [Test worker] INFO org.springframework.test.context.support.AnnotationConfigContextLoaderUtils - Could not detect default configuration classes for test class [com.nakgames.javchess.JavchessApplicationTests]: JavchessApplicationTests does not declare any static, non-private, non-final, nested classes annotated with @Configuration.
00:40:11.833 [Test worker] DEBUG org.springframework.test.context.support.ActiveProfilesUtils - Could not find an 'annotation declaring class' for annotation type [org.springframework.test.context.ActiveProfiles] and class [com.nakgames.javchess.JavchessApplicationTests]
00:40:11.870 [Test worker] DEBUG org.springframework.context.annotation.ClassPathScanningCandidateComponentProvider - Identified candidate component class: file [/home/nalamkhan/developer/javchess/build/classes/java/main/com/nakgames/javchess/JavchessApplication.class]
00:40:11.871 [Test worker] INFO org.springframework.boot.test.context.SpringBootTestContextBootstrapper - Found @SpringBootConfiguration com.nakgames.javchess.JavchessApplication for test class com.nakgames.javchess.JavchessApplicationTests
00:40:11.936 [Test worker] DEBUG org.springframework.boot.test.context.SpringBootTestContextBootstrapper - @TestExecutionListeners is not present for class [com.nakgames.javchess.JavchessApplicationTests]: using defaults.
00:40:11.936 [Test worker] INFO org.springframework.boot.test.context.SpringBootTestContextBootstrapper - Loaded default TestExecutionListener class names from location [META-INF/spring.factories]: [org.springframework.boot.test.autoconfigure.restdocs.RestDocsTestExecutionListener, org.springframework.boot.test.autoconfigure.web.client.MockRestServiceServerResetTestExecutionListener, org.springframework.boot.test.autoconfigure.web.servlet.MockMvcPrintOnlyOnFailureTestExecutionListener, org.springframework.boot.test.autoconfigure.web.servlet.WebDriverTestExecutionListener, org.springframework.boot.test.autoconfigure.webservices.client.MockWebServiceServerTestExecutionListener, org.springframework.boot.test.mock.mockito.MockitoTestExecutionListener, org.springframework.boot.test.mock.mockito.ResetMocksTestExecutionListener, org.springframework.test.context.web.ServletTestExecutionListener, org.springframework.test.context.support.DirtiesContextBeforeModesTestExecutionListener, org.springframework.test.context.event.ApplicationEventsTestExecutionListener, org.springframework.test.context.support.DependencyInjectionTestExecutionListener, org.springframework.test.context.support.DirtiesContextTestExecutionListener, org.springframework.test.context.transaction.TransactionalTestExecutionListener, org.springframework.test.context.jdbc.SqlScriptsTestExecutionListener, org.springframework.test.context.event.EventPublishingTestExecutionListener]
00:40:11.943 [Test worker] DEBUG org.springframework.boot.test.context.SpringBootTestContextBootstrapper - Skipping candidate TestExecutionListener [org.springframework.test.context.web.ServletTestExecutionListener] due to a missing dependency. Specify custom listener classes or make the default listener classes and their required dependencies available. Offending class: [javax/servlet/ServletContext]
00:40:11.945 [Test worker] DEBUG org.springframework.boot.test.context.SpringBootTestContextBootstrapper - Skipping candidate TestExecutionListener [org.springframework.test.context.transaction.TransactionalTestExecutionListener] due to a missing dependency. Specify custom listener classes or make the default listener classes and their required dependencies available. Offending class: [org/springframework/transaction/TransactionDefinition]
00:40:11.945 [Test worker] DEBUG org.springframework.boot.test.context.SpringBootTestContextBootstrapper - Skipping candidate TestExecutionListener [org.springframework.test.context.jdbc.SqlScriptsTestExecutionListener] due to a missing dependency. Specify custom listener classes or make the default listener classes and their required dependencies available. Offending class: [org/springframework/transaction/interceptor/TransactionAttribute]
00:40:11.946 [Test worker] INFO org.springframework.boot.test.context.SpringBootTestContextBootstrapper - Using TestExecutionListeners: [org.springframework.test.context.support.DirtiesContextBeforeModesTestExecutionListener@6b82f6b, org.springframework.test.context.event.ApplicationEventsTestExecutionListener@7e791027, org.springframework.boot.test.mock.mockito.MockitoTestExecutionListener@6b3ca7ad, org.springframework.boot.test.autoconfigure.SpringBootDependencyInjectionTestExecutionListener@45fec1f2, org.springframework.test.context.support.DirtiesContextTestExecutionListener@2fa7d51, org.springframework.test.context.event.EventPublishingTestExecutionListener@34b4bd01, org.springframework.boot.test.autoconfigure.restdocs.RestDocsTestExecutionListener@3a3b75f5, org.springframework.boot.test.autoconfigure.web.client.MockRestServiceServerResetTestExecutionListener@979c211, org.springframework.boot.test.autoconfigure.web.servlet.MockMvcPrintOnlyOnFailureTestExecutionListener@5838269a, org.springframework.boot.test.autoconfigure.web.servlet.WebDriverTestExecutionListener@49f5c429, org.springframework.boot.test.autoconfigure.webservices.client.MockWebServiceServerTestExecutionListener@2800943f, org.springframework.boot.test.mock.mockito.ResetMocksTestExecutionListener@6faea264]
00:40:11.949 [Test worker] DEBUG org.springframework.test.context.support.AbstractDirtiesContextTestExecutionListener - Before test class: context [DefaultTestContext@3ba8066a testClass = JavchessApplicationTests, testInstance = [null], testMethod = [null], testException = [null], mergedContextConfiguration = [MergedContextConfiguration@34ab4667 testClass = JavchessApplicationTests, locations = '{}', classes = '{class com.nakgames.javchess.JavchessApplication}', contextInitializerClasses = '[]', activeProfiles = '{}', propertySourceLocations = '{}', propertySourceProperties = '{org.springframework.boot.test.context.SpringBootTestContextBootstrapper=true}', contextCustomizers = set[org.springframework.boot.test.autoconfigure.actuate.metrics.MetricsExportContextCustomizerFactory$DisableMetricExportContextCustomizer@49cc328f, org.springframework.boot.test.autoconfigure.properties.PropertyMappingContextCustomizer@0, org.springframework.boot.test.autoconfigure.web.servlet.WebDriverContextCustomizerFactory$Customizer@c90484c, org.springframework.boot.test.context.filter.ExcludeFilterContextCustomizer@12e9e691, org.springframework.boot.test.json.DuplicateJsonObjectContextCustomizerFactory$DuplicateJsonObjectContextCustomizer@6f58d28f, org.springframework.boot.test.mock.mockito.MockitoContextCustomizer@0, org.springframework.boot.test.web.client.TestRestTemplateContextCustomizer@609465ae, org.springframework.boot.test.context.SpringBootTestArgs@1, org.springframework.boot.test.context.SpringBootTestWebEnvironment@452ff04e], contextLoader = 'org.springframework.boot.test.context.SpringBootContextLoader', parent = [null]], attributes = map[[empty]]], class annotated with @DirtiesContext [false] with mode [null].
00:40:11.958 [Test worker] DEBUG org.springframework.test.context.support.DependencyInjectionTestExecutionListener - Performing dependency injection for test context [[DefaultTestContext@3ba8066a testClass = JavchessApplicationTests, testInstance = com.nakgames.javchess.JavchessApplicationTests@680bd651, testMethod = [null], testException = [null], mergedContextConfiguration = [MergedContextConfiguration@34ab4667 testClass = JavchessApplicationTests, locations = '{}', classes = '{class com.nakgames.javchess.JavchessApplication}', contextInitializerClasses = '[]', activeProfiles = '{}', propertySourceLocations = '{}', propertySourceProperties = '{org.springframework.boot.test.context.SpringBootTestContextBootstrapper=true}', contextCustomizers = set[org.springframework.boot.test.autoconfigure.actuate.metrics.MetricsExportContextCustomizerFactory$DisableMetricExportContextCustomizer@49cc328f, org.springframework.boot.test.autoconfigure.properties.PropertyMappingContextCustomizer@0, org.springframework.boot.test.autoconfigure.web.servlet.WebDriverContextCustomizerFactory$Customizer@c90484c, org.springframework.boot.test.context.filter.ExcludeFilterContextCustomizer@12e9e691, org.springframework.boot.test.json.DuplicateJsonObjectContextCustomizerFactory$DuplicateJsonObjectContextCustomizer@6f58d28f, org.springframework.boot.test.mock.mockito.MockitoContextCustomizer@0, org.springframework.boot.test.web.client.TestRestTemplateContextCustomizer@609465ae, org.springframework.boot.test.context.SpringBootTestArgs@1, org.springframework.boot.test.context.SpringBootTestWebEnvironment@452ff04e], contextLoader = 'org.springframework.boot.test.context.SpringBootContextLoader', parent = [null]], attributes = map['org.springframework.test.context.event.ApplicationEventsTestExecutionListener.recordApplicationEvents' -> false]]].
00:40:11.975 [Test worker] DEBUG org.springframework.test.context.support.TestPropertySourceUtils - Adding inlined properties to environment: {spring.jmx.enabled=false, org.springframework.boot.test.context.SpringBootTestContextBootstrapper=true}

  .   ____          _            __ _ _
 /\\ / ___'_ __ _ _(_)_ __  __ _ \ \ \ \
( ( )\___ | '_ | '_| | '_ \/ _` | \ \ \ \
 \\/  ___)| |_)| | | | | || (_| |  ) ) ) )
  '  |____| .__|_| |_|_| |_\__, | / / / /
 =========|_|==============|___/=/_/_/_/
 :: Spring Boot ::                (v2.5.1)

2021-07-09 00:40:12.169  INFO 232993 --- [    Test worker] c.n.javchess.JavchessApplicationTests    : Starting JavchessApplicationTests using Java 11.0.10 on localhost.localdomain with PID 232993 (started by nalamkhan in /home/nalamkhan/developer/javchess)
2021-07-09 00:40:12.172  INFO 232993 --- [    Test worker] c.n.javchess.JavchessApplicationTests    : No active profile set, falling back to default profiles: default
2021-07-09 00:40:12.523  INFO 232993 --- [    Test worker] c.n.javchess.JavchessApplicationTests    : Started JavchessApplicationTests in 0.546 seconds (JVM running for 1.362)
]]></system-out>
  <system-err><![CDATA[]]></system-err>
</testsuite>
